<?xml version="1.0" encoding="UTF-8"?>
<!-- Generated by org.testng.reporters.JUnitReportReporter -->
<testsuite hostname="ANANDA-ACHARYA" failures="0" tests="1" name="com.automation.TruBIHomepage.Test.TruBIGroupTest" time="19.703" errors="0" timestamp="2020-08-27T08:59:02 IST" skipped="0">
  <testcase classname="com.automation.TruBIHomepage.Test.TruBIGroupTest" name="TruBIGroup" time="19.703"/>
  <system-out/>
</testsuite> <!-- com.automation.TruBIHomepage.Test.TruBIGroupTest -->
