<?xml version="1.0" encoding="UTF-8"?>
<!-- Generated by org.testng.reporters.JUnitReportReporter -->
<testsuite hostname="ANANDA-ACHARYA" failures="0" tests="1" name="com.automation.TruBISettingsPage.Test.TruBIUserRoleTest" time="11.604" errors="0" timestamp="2020-08-06T09:26:05 IST" skipped="0">
  <testcase classname="com.automation.TruBISettingsPage.Test.TruBIUserRoleTest" name="UserRole" time="11.604"/>
  <system-out/>
</testsuite> <!-- com.automation.TruBISettingsPage.Test.TruBIUserRoleTest -->
