<?xml version="1.0" encoding="UTF-8"?>
<!-- Generated by org.testng.reporters.JUnitReportReporter -->
<testsuite hostname="ANANDA-ACHARYA" failures="0" tests="1" name="com.automation.loginpage.Test.ForgotPasswordTest" time="0.000" errors="0" timestamp="2020-08-03T09:07:10 IST" skipped="1">
  <testcase classname="com.automation.loginpage.Test.ForgotPasswordTest" name="ForgotPassword" time="0.000">
    <skipped/>
  </testcase> <!-- ForgotPassword -->
  <system-out/>
</testsuite> <!-- com.automation.loginpage.Test.ForgotPasswordTest -->
