<?xml version="1.0" encoding="UTF-8"?>
<!-- Generated by org.testng.reporters.JUnitReportReporter -->
<testsuite hostname="ANANDA-ACHARYA" failures="0" tests="1" name="com.automation.TruBIHomepage.Test.AllDashboardDropDownTest" time="169.173" errors="0" timestamp="2020-08-27T18:03:05 IST" skipped="0">
  <testcase classname="com.automation.TruBIHomepage.Test.AllDashboardDropDownTest" name="AllDashboardDropDown" time="169.173"/>
  <system-out/>
</testsuite> <!-- com.automation.TruBIHomepage.Test.AllDashboardDropDownTest -->
