<?xml version="1.0" encoding="UTF-8"?>
<!-- Generated by org.testng.reporters.JUnitReportReporter -->
<testsuite hostname="ANANDA-ACHARYA" failures="0" tests="1" name="com.automation.loginpage.Test.TruBIGroupTest" time="14.155" errors="0" timestamp="2020-08-03T15:12:45 IST" skipped="0">
  <testcase classname="com.automation.loginpage.Test.TruBIGroupTest" name="TruBIGroup" time="14.155"/>
  <system-out/>
</testsuite> <!-- com.automation.loginpage.Test.TruBIGroupTest -->
