<?xml version="1.0" encoding="UTF-8"?>
<!-- Generated by org.testng.reporters.JUnitReportReporter -->
<testsuite hostname="ANANDA-ACHARYA" failures="0" tests="1" name="com.automation.TruBILandingPage.Test.TruBIPrivacyTest" time="9.017" errors="0" timestamp="2020-08-05T07:47:51 IST" skipped="0">
  <testcase classname="com.automation.TruBILandingPage.Test.TruBIPrivacyTest" name="TestPrivacy" time="9.017"/>
  <system-out/>
</testsuite> <!-- com.automation.TruBILandingPage.Test.TruBIPrivacyTest -->
