<?xml version="1.0" encoding="UTF-8"?>
<!-- Generated by org.testng.reporters.JUnitReportReporter -->
<testsuite hostname="ANANDA-ACHARYA" failures="0" tests="1" name="com.automation.TruBILandingPage.Test.ForgotPasswordTest" time="1.113" errors="0" timestamp="2020-09-28T17:25:22 IST" skipped="0">
  <testcase classname="com.automation.TruBILandingPage.Test.ForgotPasswordTest" name="ForgotPassword" time="1.113"/>
  <system-out/>
</testsuite> <!-- com.automation.TruBILandingPage.Test.ForgotPasswordTest -->
