<?xml version="1.0" encoding="UTF-8"?>
<!-- Generated by org.testng.reporters.JUnitReportReporter -->
<testsuite hostname="ANANDA-ACHARYA" failures="0" tests="1" name="com.automation.loginpage.Test.TruBIApplicationLoginPageUITest" time="0.283" errors="0" timestamp="2020-09-28T17:37:06 IST" skipped="0">
  <testcase classname="com.automation.loginpage.Test.TruBIApplicationLoginPageUITest" name="LoginPageUITest" time="0.283"/>
  <system-out/>
</testsuite> <!-- com.automation.loginpage.Test.TruBIApplicationLoginPageUITest -->
