<?xml version="1.0" encoding="UTF-8"?>
<!-- Generated by org.testng.reporters.JUnitReportReporter -->
<testsuite hostname="ANANDA-ACHARYA" failures="0" tests="1" name="com.automation.TruBILandingPage.Test.TruBITermsTest" time="2.746" errors="0" timestamp="2020-08-13T16:42:06 IST" skipped="0">
  <testcase classname="com.automation.TruBILandingPage.Test.TruBITermsTest" name="TestTerms" time="2.746"/>
  <system-out/>
</testsuite> <!-- com.automation.TruBILandingPage.Test.TruBITermsTest -->
