<?xml version="1.0" encoding="UTF-8"?>
<!-- Generated by org.testng.reporters.JUnitReportReporter -->
<testsuite hostname="ANANDA-ACHARYA" failures="0" tests="1" name="com.automation.loginpage.Test.LoginpageTest" time="30.890" errors="0" timestamp="2020-08-03T15:12:45 IST" skipped="0">
  <testcase classname="com.automation.loginpage.Test.LoginpageTest" name="getLogin" time="30.890"/>
  <system-out/>
</testsuite> <!-- com.automation.loginpage.Test.LoginpageTest -->
