<?xml version="1.0" encoding="UTF-8"?>
<!-- Generated by org.testng.reporters.JUnitReportReporter -->
<testsuite hostname="ANANDA-ACHARYA" failures="0" tests="1" name="com.automation.TruBIUserProfile.TruBIMyThemesTest" time="37.563" errors="0" timestamp="2020-08-14T17:24:14 IST" skipped="0">
  <testcase classname="com.automation.TruBIUserProfile.TruBIMyThemesTest" name="Themes" time="37.563"/>
  <system-out/>
</testsuite> <!-- com.automation.TruBIUserProfile.TruBIMyThemesTest -->
